9/02/2017 8:59:50 PM にビルドを開始しました。
     1>ノード 2 上のプロジェクト "E:\DoYeon\Document\5. Program\Compton_ray\3. 3d_reconstruction\VisualStudio\3Dreconstruction\3dreconstruction_compton\3dreconstruction_compton.vcxproj" (build ターゲット)。
     1>InitializeBuildStatus:
         "Debug\3dreconstruction_compton.unsuccessfulbuild" のタッチ タスクを実行しています。
       ClCompile:
         C:\Program Files (x86)\Microsoft Visual Studio 10.0\VC\bin\CL.exe /c /ZI /nologo /W3 /WX- /Od /Oy- /D _MBCS /Gm /EHsc /RTC1 /MDd /GS /fp:precise /Zc:wchar_t /Zc:forScope /Fo"Debug\\" /Fd"Debug\vc100.pdb" /Gd /TP /analyze- /errorReport:prompt main.cpp txtreader.cpp
         txtreader.cpp
         main.cpp
     1>e:\doyeon\document\5. program\compton_ray\3. 3d_reconstruction\visualstudio\3dreconstruction\3dreconstruction_compton\main.cpp(24): warning C4129: 'D' : エスケープ シーケンスとして正しく認識されませんでした。
     1>e:\doyeon\document\5. program\compton_ray\3. 3d_reconstruction\visualstudio\3dreconstruction\3dreconstruction_compton\main.cpp(24): warning C4129: 'D' : エスケープ シーケンスとして正しく認識されませんでした。
     1>e:\doyeon\document\5. program\compton_ray\3. 3d_reconstruction\visualstudio\3dreconstruction\3dreconstruction_compton\main.cpp(24): warning C4129: 'C' : エスケープ シーケンスとして正しく認識されませんでした。
     1>e:\doyeon\document\5. program\compton_ray\3. 3d_reconstruction\visualstudio\3dreconstruction\3dreconstruction_compton\main.cpp(24): warning C4129: 'V' : エスケープ シーケンスとして正しく認識されませんでした。
     1>e:\doyeon\document\5. program\compton_ray\3. 3d_reconstruction\visualstudio\3dreconstruction\3dreconstruction_compton\main.cpp(24): warning C4129: 'D' : エスケープ シーケンスとして正しく認識されませんでした。
     1>e:\doyeon\document\5. program\compton_ray\3. 3d_reconstruction\visualstudio\3dreconstruction\3dreconstruction_compton\main.cpp(24): error C2143: 構文エラー : ')' が '文字列' の前にありません。
     1>e:\doyeon\document\5. program\compton_ray\3. 3d_reconstruction\visualstudio\3dreconstruction\3dreconstruction_compton\main.cpp(24): error C2143: 構文エラー : ';' が '文字列' の前にありません。
     1>e:\doyeon\document\5. program\compton_ray\3. 3d_reconstruction\visualstudio\3dreconstruction\3dreconstruction_compton\main.cpp(24): error C2059: 構文エラー : ')'
     1>e:\doyeon\document\5. program\compton_ray\3. 3d_reconstruction\visualstudio\3dreconstruction\3dreconstruction_compton\main.cpp(374): warning C4305: '=' : 'double' から 'GLfloat' へ切り詰めます。
     1>e:\doyeon\document\5. program\compton_ray\3. 3d_reconstruction\visualstudio\3dreconstruction\3dreconstruction_compton\main.cpp(376): warning C4305: '引数' : 'double' から 'GLfloat' へ切り詰めます。
     1>e:\doyeon\document\5. program\compton_ray\3. 3d_reconstruction\visualstudio\3dreconstruction\3dreconstruction_compton\main.cpp(381): warning C4305: '=' : 'double' から 'GLfloat' へ切り詰めます。
     1>e:\doyeon\document\5. program\compton_ray\3. 3d_reconstruction\visualstudio\3dreconstruction\3dreconstruction_compton\main.cpp(382): warning C4305: '引数' : 'double' から 'GLfloat' へ切り詰めます。
         コードを生成中...
     1>プロジェクト "E:\DoYeon\Document\5. Program\Compton_ray\3. 3d_reconstruction\VisualStudio\3Dreconstruction\3dreconstruction_compton\3dreconstruction_compton.vcxproj" (build ターゲット) のビルドが終了しました -- 失敗。

ビルドに失敗しました。

経過時間 00:00:00.92
